Library/Bee/Android/Prj/Mono2x/Gradle/unityLibrary/build/intermediates/manifest_merge_blame_file/release/manifest-merger-blame-release-report.txt
1<?xml version="1.0" encoding="utf-8"?>
2<manifest xmlns:android="http://schemas.android.com/apk/res/android"
3    package="com.unity3d.player"
4    android:installLocation="preferExternal"
5    android:versionCode="5"
6    android:versionName="5.5" >
7
8    <uses-sdk
9        android:minSdkVersion="22"
9-->src\main\AndroidManifest.xml
10        android:targetSdkVersion="32" />
10-->src\main\AndroidManifest.xml
11
12    <uses-permission android:name="android.permission.CAMERA" />
12-->src\main\AndroidManifest.xml:3:3-63
12-->src\main\AndroidManifest.xml:3:20-60
13    <uses-permission android:name="android.permission.WRITE_EXTERNAL_STORAGE" />
13-->src\main\AndroidManifest.xml:4:3-79
13-->src\main\AndroidManifest.xml:4:20-76
14    <uses-permission android:name="android.permission.INTERNET" />
14-->src\main\AndroidManifest.xml:5:3-65
14-->src\main\AndroidManifest.xml:5:20-62
15    <uses-permission android:name="android.permission.ACCESS_NETWORK_STATE" />
15-->src\main\AndroidManifest.xml:6:3-77
15-->src\main\AndroidManifest.xml:6:20-74
16    <uses-permission android:name="android.permission.ACCESS_WIFI_STATE" />
16-->src\main\AndroidManifest.xml:7:3-74
16-->src\main\AndroidManifest.xml:7:20-71
17    <uses-permission android:name="android.permission.RECORD_AUDIO" />
17-->src\main\AndroidManifest.xml:8:3-69
17-->src\main\AndroidManifest.xml:8:20-66
18
19    <uses-feature android:glEsVersion="0x00030000" />
19-->src\main\AndroidManifest.xml:9:3-52
19-->src\main\AndroidManifest.xml:9:17-49
20    <uses-feature
20-->src\main\AndroidManifest.xml:10:3-88
21        android:name="android.hardware.touchscreen"
21-->src\main\AndroidManifest.xml:10:17-60
22        android:required="false" />
22-->src\main\AndroidManifest.xml:10:61-85
23    <uses-feature
23-->src\main\AndroidManifest.xml:11:3-99
24        android:name="android.hardware.touchscreen.multitouch"
24-->src\main\AndroidManifest.xml:11:17-71
25        android:required="false" />
25-->src\main\AndroidManifest.xml:11:72-96
26    <uses-feature
26-->src\main\AndroidManifest.xml:12:3-108
27        android:name="android.hardware.touchscreen.multitouch.distinct"
27-->src\main\AndroidManifest.xml:12:17-80
28        android:required="false" />
28-->src\main\AndroidManifest.xml:12:81-105
29
30    <supports-screens
30-->src\main\AndroidManifest.xml:30:3-163
31        android:anyDensity="true"
31-->src\main\AndroidManifest.xml:30:135-160
32        android:largeScreens="true"
32-->src\main\AndroidManifest.xml:30:78-105
33        android:normalScreens="true"
33-->src\main\AndroidManifest.xml:30:49-77
34        android:smallScreens="true"
34-->src\main\AndroidManifest.xml:30:21-48
35        android:xlargeScreens="true" />
35-->src\main\AndroidManifest.xml:30:106-134
36
37    <application
37-->src\main\AndroidManifest.xml:13:3-29:17
38        android:debuggable="true"
38-->src\main\AndroidManifest.xml:13:81-106
39        android:extractNativeLibs="true"
39-->src\main\AndroidManifest.xml:13:143-175
40        android:icon="@mipmap/app_icon"
40-->src\main\AndroidManifest.xml:13:16-47
41        android:label="@string/app_name"
41-->src\main\AndroidManifest.xml:13:48-80
42        android:usesCleartextTraffic="true" >
42-->src\main\AndroidManifest.xml:13:107-142
43        <meta-data
43-->src\main\AndroidManifest.xml:14:5-88
44            android:name="unityplayer.SkipPermissionsDialog"
44-->src\main\AndroidManifest.xml:14:16-64
45            android:value="true" />
45-->src\main\AndroidManifest.xml:14:65-85
46        <meta-data
46-->src\main\AndroidManifest.xml:15:5-72
47            android:name="android.max_aspect"
47-->src\main\AndroidManifest.xml:15:16-49
48            android:value="2.1" />
48-->src\main\AndroidManifest.xml:15:50-69
49        <meta-data
49-->src\main\AndroidManifest.xml:16:5-69
50            android:name="unity.splash-mode"
50-->src\main\AndroidManifest.xml:16:16-48
51            android:value="0" />
51-->src\main\AndroidManifest.xml:16:49-66
52        <meta-data
52-->src\main\AndroidManifest.xml:17:5-74
53            android:name="unity.splash-enable"
53-->src\main\AndroidManifest.xml:17:16-50
54            android:value="True" />
54-->src\main\AndroidManifest.xml:17:51-71
55        <meta-data
55-->src\main\AndroidManifest.xml:18:5-78
56            android:name="unity.launch-fullscreen"
56-->src\main\AndroidManifest.xml:18:16-54
57            android:value="True" />
57-->src\main\AndroidManifest.xml:18:55-75
58        <meta-data
58-->src\main\AndroidManifest.xml:19:5-84
59            android:name="unity.allow-resizable-window"
59-->src\main\AndroidManifest.xml:19:16-59
60            android:value="False" />
60-->src\main\AndroidManifest.xml:19:60-81
61        <meta-data
61-->src\main\AndroidManifest.xml:20:5-81
62            android:name="notch.config"
62-->src\main\AndroidManifest.xml:20:16-43
63            android:value="portrait|landscape" />
63-->src\main\AndroidManifest.xml:20:44-78
64        <meta-data
64-->src\main\AndroidManifest.xml:21:5-84
65            android:name="unity.auto-report-fully-drawn"
65-->src\main\AndroidManifest.xml:21:16-60
66            android:value="true" />
66-->src\main\AndroidManifest.xml:21:61-81
67
68        <activity
68-->src\main\AndroidManifest.xml:22:5-28:16
69            android:name="com.unity3d.player.UnityPlayerActivity"
69-->src\main\AndroidManifest.xml:22:15-68
70            android:configChanges="mcc|mnc|locale|touchscreen|keyboard|keyboardHidden|navigation|orientation|screenLayout|uiMode|screenSize|smallestScreenSize|fontScale|layoutDirection|density"
70-->src\main\AndroidManifest.xml:22:102-283
71            android:exported="true"
71-->src\main\AndroidManifest.xml:22:424-447
72            android:hardwareAccelerated="false"
72-->src\main\AndroidManifest.xml:22:388-423
73            android:label="@string/app_name"
73-->src\main\AndroidManifest.xml:22:69-101
74            android:launchMode="singleTask"
74-->src\main\AndroidManifest.xml:22:321-352
75            android:resizeableActivity="false"
75-->src\main\AndroidManifest.xml:22:353-387
76            android:screenOrientation="fullUser" >
76-->src\main\AndroidManifest.xml:22:284-320
77            <intent-filter>
77-->src\main\AndroidManifest.xml:23:7-26:23
78                <category android:name="android.intent.category.LAUNCHER" />
78-->src\main\AndroidManifest.xml:24:9-69
78-->src\main\AndroidManifest.xml:24:19-66
79
80                <action android:name="android.intent.action.MAIN" />
80-->src\main\AndroidManifest.xml:25:9-61
80-->src\main\AndroidManifest.xml:25:17-58
81            </intent-filter>
82
83            <meta-data
83-->src\main\AndroidManifest.xml:27:7-70
84                android:name="notch_support"
84-->src\main\AndroidManifest.xml:27:18-46
85                android:value="true" />
85-->src\main\AndroidManifest.xml:27:47-67
86        </activity>
87    </application>
88
89</manifest>